<?xml version="1.0" encoding="UTF-8"?>
<testng-results skipped="0" failed="0" ignored="0" total="1" passed="1">
  <reporter-output>
  </reporter-output>
  <suite name="Suite" duration-ms="18487" started-at="2017-10-09T16:32:06Z" finished-at="2017-10-09T16:32:25Z">
    <groups>
    </groups>
    <test name="Test" duration-ms="18487" started-at="2017-10-09T16:32:06Z" finished-at="2017-10-09T16:32:25Z">
      <class name="code.Tests">
        <test-method status="PASS" signature="setupbrowser()[pri:0, instance:code.Tests@5e3a8624]" name="setupbrowser" is-config="true" duration-ms="11648" started-at="2017-10-09T12:32:06Z" finished-at="2017-10-09T12:32:18Z">
          <reporter-output>
          </reporter-output>
        </test-method> <!-- setupbrowser -->
        <test-method status="PASS" signature="test1()[pri:0, instance:code.Tests@5e3a8624]" name="test1" duration-ms="6461" started-at="2017-10-09T12:32:18Z" finished-at="2017-10-09T12:32:24Z">
          <reporter-output>
          </reporter-output>
        </test-method> <!-- test1 -->
        <test-method status="PASS" signature="closebrowser()[pri:0, instance:code.Tests@5e3a8624]" name="closebrowser" is-config="true" duration-ms="362" started-at="2017-10-09T12:32:24Z" finished-at="2017-10-09T12:32:25Z">
          <reporter-output>
          </reporter-output>
        </test-method> <!-- closebrowser -->
      </class> <!-- code.Tests -->
    </test> <!-- Test -->
  </suite> <!-- Suite -->
</testng-results>
