<?xml version="1.0" encoding="UTF-8"?>
<testng-results skipped="0" failed="0" ignored="0" total="1" passed="1">
  <reporter-output>
  </reporter-output>
  <suite name="Suite" duration-ms="17341" started-at="2017-10-09T21:50:03Z" finished-at="2017-10-09T21:50:20Z">
    <groups>
    </groups>
    <test name="Test" duration-ms="17341" started-at="2017-10-09T21:50:03Z" finished-at="2017-10-09T21:50:20Z">
      <class name="code.Tests">
        <test-method status="PASS" signature="setupbrowser()[pri:0, instance:code.Tests@68be2bc2]" name="setupbrowser" is-config="true" duration-ms="10186" started-at="2017-10-09T17:50:03Z" finished-at="2017-10-09T17:50:13Z">
          <reporter-output>
          </reporter-output>
        </test-method> <!-- setupbrowser -->
        <test-method status="PASS" signature="test1()[pri:0, instance:code.Tests@68be2bc2]" name="test1" duration-ms="6850" started-at="2017-10-09T17:50:13Z" finished-at="2017-10-09T17:50:20Z">
          <reporter-output>
          </reporter-output>
        </test-method> <!-- test1 -->
        <test-method status="PASS" signature="closebrowser()[pri:0, instance:code.Tests@68be2bc2]" name="closebrowser" is-config="true" duration-ms="286" started-at="2017-10-09T17:50:20Z" finished-at="2017-10-09T17:50:20Z">
          <reporter-output>
          </reporter-output>
        </test-method> <!-- closebrowser -->
      </class> <!-- code.Tests -->
    </test> <!-- Test -->
  </suite> <!-- Suite -->
</testng-results>
